[708535383] Using port 4461
Server waiting for client
Connected player with UUID PythonAI_2
Assigned index 0 (Red)
Server waiting for client
Connected player with UUID PythonAI_1
Assigned index 1 (Blue)
[708537502] Initializing game...
[0] PythonAI_2 (Comm open) - sending GET_READY...
[0] PythonAI_2 (Comm open) - Ready!
[1] PythonAI_1 (Comm open) - sending GET_READY...
[1] PythonAI_1 (Comm open) - Ready!
Exception in thread "AWT-EventQueue-0" java.lang.NullPointerException
	at com.orbischallenge.game.engine.drawing2.contexts.AWTContext.renderFrame(AWTContext.java:219)
	at com.orbischallenge.game.engine.drawing2.contexts.AWTContext.paintComponent(AWTContext.java:204)
	at javax.swing.JComponent.paint(JComponent.java:1056)
	at javax.swing.JComponent.paintChildren(JComponent.java:889)
	at javax.swing.JComponent.paint(JComponent.java:1065)
	at javax.swing.JComponent.paintChildren(JComponent.java:889)
	at javax.swing.JComponent.paint(JComponent.java:1065)
	at javax.swing.JLayeredPane.paint(JLayeredPane.java:586)
	at javax.swing.JComponent.paintChildren(JComponent.java:889)
	at javax.swing.JComponent.paintToOffscreen(JComponent.java:5217)
	at javax.swing.RepaintManager$PaintManager.paintDoubleBuffered(RepaintManager.java:1579)
	at javax.swing.RepaintManager$PaintManager.paint(RepaintManager.java:1502)
	at javax.swing.RepaintManager.paint(RepaintManager.java:1272)
	at javax.swing.JComponent.paint(JComponent.java:1042)
	at java.awt.GraphicsCallback$PaintCallback.run(GraphicsCallback.java:39)
	at sun.awt.SunGraphicsCallback.runOneComponent(SunGraphicsCallback.java:79)
	at sun.awt.SunGraphicsCallback.runComponents(SunGraphicsCallback.java:116)
	at java.awt.Container.paint(Container.java:1975)
	at java.awt.Window.paint(Window.java:3904)
	at javax.swing.RepaintManager$4.run(RepaintManager.java:842)
	at javax.swing.RepaintManager$4.run(RepaintManager.java:814)
	at java.security.AccessController.doPrivileged(Native Method)
	at java.security.ProtectionDomain$JavaSecurityAccessImpl.doIntersectionPrivilege(ProtectionDomain.java:76)
	at javax.swing.RepaintManager.paintDirtyRegions(RepaintManager.java:814)
	at javax.swing.RepaintManager.paintDirtyRegions(RepaintManager.java:789)
	at javax.swing.RepaintManager.prePaintDirtyRegions(RepaintManager.java:738)
	at javax.swing.RepaintManager.access$1200(RepaintManager.java:64)
	at javax.swing.RepaintManager$ProcessingRunnable.run(RepaintManager.java:1732)
	at java.awt.event.InvocationEvent.dispatch(InvocationEvent.java:311)
	at java.awt.EventQueue.dispatchEventImpl(EventQueue.java:756)
	at java.awt.EventQueue.access$500(EventQueue.java:97)
	at java.awt.EventQueue$3.run(EventQueue.java:709)
	at java.awt.EventQueue$3.run(EventQueue.java:703)
	at java.security.AccessController.doPrivileged(Native Method)
	at java.security.ProtectionDomain$JavaSecurityAccessImpl.doIntersectionPrivilege(ProtectionDomain.java:76)
	at java.awt.EventQueue.dispatchEvent(EventQueue.java:726)
	at java.awt.EventDispatchThread.pumpOneEventForFilters(EventDispatchThread.java:201)
	at java.awt.EventDispatchThread.pumpEventsForFilter(EventDispatchThread.java:116)
	at java.awt.EventDispatchThread.pumpEventsForHierarchy(EventDispatchThread.java:105)
	at java.awt.EventDispatchThread.pumpEvents(EventDispatchThread.java:101)
	at java.awt.EventDispatchThread.pumpEvents(EventDispatchThread.java:93)
	at java.awt.EventDispatchThread.run(EventDispatchThread.java:82)
[708538181] Asking 0 for move
[708538182] Asking 1 for move
[708538227] Got 1's move
[708538227] Got 0's move
[708538234] ===== Move Frame 0 =========
[708538236] ==============================
...................
...................
..X.X....+....X.X..
...X....+BB....X...
..X.X....+....X.X..
...................
........X.X........
.......X...X.......
......X.X.X.X......
.........X.........
......X.X.X.X......
.......X...X.......
........X.X........
...................
..X.X....-....X.X..
...X....-AA....X...
..X.X....-....X.X..
...................
...................
[708538871] Asking 1 for move
[708538871] Asking 0 for move
[708538898] Got 1's move
[708538906] Got 0's move
[708538908] ===== Move Frame 1 =========
[708538909] ==============================
...................
...................
..X.X....B....X.X..
...X....+B+B...X...
..X.X....+....X.X..
...................
........X.X........
.......X...X.......
......X.X.X.X......
.........X.........
......X.X.X.X......
.......X...X.......
........X.X........
...................
..X.X....A....X.X..
...X....-A-....X...
..X.X....-A...X.X..
...................
...................
[708539528] Asking 0 for move
[708539528] Asking 1 for move
[708539560] Got 1's move
[708539566] Got 0's move
[708539572] ===== Move Frame 2 =========
[708539575] ==============================
...................
...................
..X.X...BB....X.X..
...X....+B++...X...
..X.X....+.B..X.X..
...................
........X.X........
.......X...X.......
......X.X.X.X......
.........X.........
......X.X.X.X......
.......X...X.......
........X.X........
...................
..X.X...A-....X.X..
...X....-AA....X...
..X.X....--A..X.X..
...................
...................
[708540195] Asking 0 for move
[708540196] Asking 1 for move
[708540269] Got 0's move
[708540285] Got 1's move
[708540296] ===== Move Frame 3 =========
[708540296] ==============================
...................
........BB.........
..X.X...+B....X.X..
...X....+B++...X...
..X.X....+B+..X.X..
...................
........X.X........
.......X...X.......
......X.X.X.X......
.........X.........
......X.X.X.X......
.......X...X.......
........X.X........
...................
..X.X..A--....X.X..
...X....AA-A...X...
..X.X....---..X.X..
...........A.......
...................
[708540914] Asking 0 for move
[708540914] Asking 1 for move
[708540977] Got 1's move
[708540995] Got 0's move
[708541006] ===== Move Frame 4 =========
[708541007] ==============================
.........B.........
.......B++.........
..X.X...++B...X.X..
...X....+B++...X...
..X.X....B++..X.X..
..........B........
........X.X........
.......X...X.......
......X.X.X.X......
.........X.........
......X.X.X.X......
.......X...X.......
........X.X........
...................
..X.X.A---....X.X..
...X....-A--A..X...
..X.X...AA--..X.X..
..........A-.......
...................
[708541616] Asking 0 for move
[708541616] Asking 1 for move
[708541657] Got 1's move
[708541669] Got 0's move
[708541681] ===== Move Frame 5 =========
[708541681] ==============================
.......B.+B........
.......+++B........
..X.X...+++...X.X..
...X....BB++...X...
..X.X...B+++..X.X..
.........B+........
........X.X........
.......X...X.......
......X.X.X.X......
.........X.........
......X.X.X.X......
.......X...X.......
........X.X........
......A............
..X.X.---A....X.X..
...X....-A---AAX...
..X.X...----..X.X..
........AA--.......
..........A........
[708542296] PythonAI_2 BUILT NEST AT (14, 15)
[708542297] Asking 0 for move
[708542297] Asking 1 for move
[708542345] Got 1's move
[708542354] Got 0's move
[708542357] ===== Move Frame 6 =========
[708542357] ==============================
.......+B++........
.......++++B.......
..X.X...+++...X.X..
...X...B+BB+...X...
..X.X...++++..X.X..
........B++........
........XBX........
.......X...X.......
......X.X.X.X......
.........X.........
......X.X.X.X......
.......X...X.......
........X.X........
......-A...........
..X.X.----A...X.X..
...X....-A---AAX...
..X.X...-A--.AX.X..
.......A----.......
.........A-........
[708542970] Asking 0 for move
[708542970] Asking 1 for move
[708543041] Got 1's move
[708543087] Got 0's move
[708543099] ===== Move Frame 7 =========
[708543099] ==============================
.......++A+B.......
.......+++++.......
..X.X...++B...X.X..
...X...++B++...X...
..X.X..B+B++..X.X..
.......B+++........
........X+X........
.......XBBBX.......
......X.XBX.X......
.........X.........
......X.X.X.X......
.......X...X.......
.......AX.X........
......--...........
..X.X.---A-A.AX.X..
...X....-A---AAX...
..X.X..A--A-A-X.X..
.......-----.......
........B--........
[708543706] PythonAI_1 BUILT NEST AT (8, 7)
[708543707] PythonAI_1 BUILT NEST AT (9, 8)
[708543707] PythonAI_1 BUILT NEST AT (10, 7)
[708543707] Asking 0 for move
[708543707] Asking 1 for move
[708543747] Got 1's move
[708543775] Got 0's move
[708543786] ===== Move Frame 8 =========
[708543787] ==============================
.......+A-++B......
.......+++++.......
..X.X...+++B..X.X..
...X...+BB++...X...
..X.X.B+++++..X.X..
......B++B+........
........X+X........
.......XBBBX.......
......X.XBX.X......
.........X.........
......X.X.X.X......
.......X...X.......
......A-X.X........
......--AA...A.....
..X.X.------A-X.X..
...X....-A--AAAX...
..X.X.A--A-A--X.X..
.......-----A......
........+B-........
[708544396] PythonAI_2 BUILT NEST AT (8, 13)
[708544397] Asking 0 for move
[708544397] Asking 1 for move
[708544483] Got 1's move
[708544535] Got 0's move
[708544547] ===== Move Frame 9 =========
[708544547] ==============================
.......+-B+++......
.......+++++.......
..X.X...+B++B.X.X..
...X..B++B++...X...
..X.X.++B+++..X.X..
......+++++........
......BBXBX........
.......XBBBX.......
......X.XBX.X......
.........X.........
......X.X.X.X......
.......X...X.......
.....A--X.X........
......--A-A.A-.....
..X.X.--A----AX.X..
...X..AAAA---AAX...
..X.X.----A-A-X.X..
.......--A---......
........A+-........
[708545157] PythonAI_1 BUILT NEST AT (7, 6)
[708545157] PythonAI_2 BUILT NEST AT (7, 15)
[708545158] Asking 0 for move
[708545158] Asking 1 for move
[708545245] Got 1's move
[708545310] Got 0's move
[708545322] ===== Move Frame 10 =========
[708545322] ==============================
.......+B++++......
.......+++++.......
..X.X.BB++B++.X.X..
...X..+++B++B..X...
..X.X.+B+B++..X.X..
......+++++........
.....BBBXBX........
.......XBBBX.......
......X.XBX.X......
.........X.........
......X.X.X.X......
.....AAX...X.......
.....---X.X........
......--AA-A--.....
..X.X.---A--A-X.X..
...XAA-A-AA-AAAX...
..X.X.-AAA-A--X.X..
.......------......
........-A-........
[708545931] PythonAI_2 BUILT NEST AT (4, 15)
[708545931] PythonAI_2 BUILT NEST AT (6, 11)
[708545931] PythonAI_1 BUILT NEST AT (7, 2)
[708545932] Asking 0 for move
[708545932] Asking 1 for move
[708546020] Got 1's move
[708546077] Got 0's move
[708546089] ===== Move Frame 11 =========
[708546089] ==============================
.......++A+++......
......B+++B+.......
..X.X.+B+++++.X.X..
...X..+BBB+++BBX...
..X.X.B+++++..X.X..
......+B+B+........
.....++BX+X........
.....BBXBBBX.......
......X.XBX.X......
.........X.........
.....AX.X.X.X......
.....-AX...X.......
.....-A-XAXA.......
......--A-----.....
..X.XA-AA--A-AX.X..
...XAA-AAA-A-AAX...
..X.X.A---A-A-X.X..
.......-AA---......
........B--........
[708546698] PythonAI_1 BUILT NEST AT (14, 3)
[708546699] Asking 0 for move
[708546699] Asking 1 for move
[708546813] Got 1's move
[708546884] Got 0's move
[708546894] ===== Move Frame 12 =========
[708546895] ==============================
.......+A-+++......
.....B++++++.......
..X.X.BB++B++.X.X..
...X..+B+BB++BBX...
..X.XB+B++++.BX.X..
......++++B........
.....+BBX+X........
.....B+XBBBX.......
.....BX.XBX.X......
.....A...X.........
.....-X.XAX.X......
.....AAXAAAX.......
.....A--X-X-A......
.....A-AA-----.....
..X.X----A--A-X.X..
...XAAAA-AA-AAAX...
..X.XA--A----AX.X..
......A-----A......
........+A-........
[708547509] PythonAI_2 BUILT NEST AT (8, 11)
[708547509] PythonAI_2 BUILT NEST AT (9, 10)
[708547509] PythonAI_2 BUILT NEST AT (10, 11)
[708547510] Asking 0 for move
[708547514] Asking 1 for move
[708547630] Got 1's move
[708547733] Got 0's move
[708547745] ===== Move Frame 13 =========
[708547745] ==============================
.......A--+++......
....B+++++B+.......
..X.XB+BB++++BX.X..
...XBB+B+BB++BBX...
..X.X+++B+B+B+X.X..
......B++++B.......
.....+BBX+X........
....B++XBBBX.......
.....+X.XBX.X......
.....-...X.........
.....-X.XAX.X......
....A-AXAAAXA......
....A-A-XAX--......
....A---A---A-.....
..X.XAAAA----AX.X..
...XAA-AAA-A-AAX...
..X.X--A------X.X..
.....A-------A.....
......AAA--........
[708548357] PythonAI_1 BUILT NEST AT (4, 3)
[708548358] PythonAI_2 BUILT NEST AT (7, 18)
[708548358] Asking 0 for move
[708548366] Asking 1 for move
[708548556] Got 1's move
[708548625] Got 0's move
[708548636] ===== Move Frame 14 =========
[708548636] ==============================
......A-A-+++......
...B+++AB++BBB.....
..XBX+Baa+++++X.X..
...XBB+aBB+B+BBX...
..X.X++B+++B+BX.X..
.....B+B++++B......
.....+BBX+XB.......
....+++XBBBX.......
....B+X.XBX.X......
.....-...X.........
....A-X.XAX.X......
....-AAXAAAX-A.....
...A---AX-X--......
...A-AAAAA-A-A.....
..XAX----A----X.X..
...XAAAA-AA-AAAX...
..X.X---A-----X.X..
.....--A------.....
.....A-A---..A.....
[708549246] PythonAI_2 DESTROYED OPPONENT'S NEST AT (7, 2)
[708549246] PythonAI_1 BUILT NEST AT (3, 2)
[708549246] PythonAI_2 BUILT NEST AT (3, 14)
[708549246] PythonAI_1 BUILT NEST AT (12, 1)
[708549247] Asking 0 for move
[708549247] Asking 1 for move
[708549400] Got 1's move
[708549504] Got 0's move
[708549516] ===== Move Frame 15 =========
[708549516] ==============================
.....A-A--+++A.....
..BB++BaA++BB+B....
..XBXBaaa+++++X.X..
...XBB+a+BB+BBBX...
..X.X+B+BB++++X.X..
....B+B++++B+B.....
.....BBBXBX+B......
....+++XBBBX.......
....++X.XBX.X......
.....-...X.........
....-AX.XAX.X......
...A--AXAAAX--.....
...---A-XAX--A.....
..AAA---A-A---A....
..XAX-AAA----AX.X..
...XAA-AAA---AAX...
..X.XAAA-AA-A-X.X..
.....-A-------.....
....A--A---..-.....
[708550124] Asking 0 for move
[708550124] Asking 1 for move
[708550251] Got 1's move
[708550377] Got 0's move
[708550389] ===== Move Frame 16 =========
[708550389] ==============================
...BA-B-A-++a-.....
.B+B+B+a-ABBaA+B...
..XBXBaaa+B+a+XBX..
...XBBBaBB+++BBX...
..XBX+++++BBB+X.X..
...B++BBBB++++.....
....B++BXBX++B.....
....+++XBBBX.......
....++X.XBX.X......
.....A...X.........
...A--X.XAX.X......
...--AAXAAAX--.....
...A-A--X-X---A....
.A-A-AAAAA-A---A...
..XAX----A--A-XAX..
...XAAAA-A--AAAX...
..X.X---A--A--X.X..
....AA-A--A---.....
....---AA--..-.....
[708551008] PythonAI_2 DESTROYED OPPONENT'S NEST AT (12, 1)
[708551008] PythonAI_1 BUILT NEST AT (3, 4)
[708551008] PythonAI_1 BUILT NEST AT (15, 2)
[708551008] PythonAI_2 BUILT NEST AT (15, 14)
[708551008] Asking 0 for move
[708551008] Asking 1 for move
[708551149] Got 1's move
[708551309] Got 0's move
[708551321] ===== Move Frame 17 =========
[708551321] ==============================
.B.B-B+B--++a-.B...
.++B+B+aABBaaaAB...
..XBX+aaa+++aBXBX..
...XBB+aBBBBBBBX...
..XBX+B+B+++++X.X..
...B+++BBBB+++.....
...B++BBX+X+++.....
....+++XBBBXBB.....
....+AX.XBX.X......
.....-...X.........
..A---X.XAX.X......
...-A-AXAAAX--A....
..A---AAXAX----A...
.-AAA---A-A----A...
.AXAXA-AA--A-AXAX..
...XAA-A-AA--AAX...
..XAXAAA----A-X.X..
...A--Ab-A----.....
....--bbAA-..-.....
[708551933] PythonAI_1 DESTROYED OPPONENT'S NEST AT (7, 18)
[708551934] PythonAI_2 BUILT NEST AT (3, 16)
[708551934] PythonAI_1 BUILT NEST AT (12, 7)
[708551935] Asking 0 for move
[708551935] Asking 1 for move
[708552066] Got 1's move
[708552205] Got 0's move
[708552217] ===== Move Frame 18 =========
[708552217] ==============================
B+.+B++bB-++a-.+B..
.++BB++aBB+aaa-A...
..XBX+aaa+++a+XaX..
...XBBBaBBBBBBBX...
..XBX+++++B+++X.X..
..BB++BBB+++++.....
...++BBBX+X+B+.....
...B+++XBBBXB+B....
....A-X.XBX.X......
.....-...X.........
.A----X.XAX.X.A....
...A-AAXAAAX---....
.A-AAA--X-X-----A..
.A-A---AAA---A-AA..
.-XAX-A-------XAX..
.AAXAAAAAA-A-AAX...
..XAX---A----AX.X..
...A-A-bA---A-.....
....--bbb-A..-.....
[708552826] PythonAI_2 DESTROYED OPPONENT'S NEST AT (15, 2)
[708552826] PythonAI_2 BUILT NEST AT (2, 15)
[708552826] Asking 0 for move
[708552826] Asking 1 for move
[708553017] Got 1's move
[708553114] Got 0's move
[708553126] ===== Move Frame 19 =========
[708553126] ==============================
++.+B++bBB++a-.A+BB
.++B+++a+++aaa-a...
..XBX+aaaB++a+XaX..
...XBB+a+B+++BBX...
..XBX+B+B+BB++X.X..
..+B+B+BB+++B+.....
..BBB+BBX+X+B+B....
...+A++XBBBXB++....
...B--X.XBX.X......
.....-...X.........
.----AX.XAX.X.-A...
.AA---AXAAAX---....
.-A---A-XAX----A-A.
A-AAAA--A------A-A.
.-XAXA-AA----AXAX..
AAAXAA-A-A--AAAX...
..XAX-AA-A----X.X..
..AAA--b-A---A.....
....B-bbb--AA-.....
[708553742] Asking 0 for move
[708553742] Asking 1 for move
[708553915] Got 1's move
[708553932] Got 0's move
[708553946] ===== Move Frame 20 =========
[708553946] ==============================
++.++B+b+B+Aa-.-+++
.+BB+++a+++aaa-a.BB
..XBX+aaa+B+a+XaX..
...XBBBaBBB+BBBX...
..XBX++BB+++B+X.X..
..BB+++B+++B++.....
.B++BBBBXBXB+++B...
...+-++XBBBXBB+....
...+B-X.XBX.X......
.....-...X.....A...
.-A---X.XAX.X.--...
A----AAXAAAX---A...
A--AAA-AXAX-------A
-A-A---AAA---AAA--A
A-XAX-A-A-----XAX..
-AAXAAAAAA---AAX...
.AXAX---A----AX.X..
..-A--Ab------A....
..AAA-bbbB---A.A...
[708554561] PythonAI_2 BUILT NEST AT (0, 12)
[708554561] Asking 0 for move
[708554561] Asking 1 for move
[708554772] Got 0's move
[708554779] Got 1's move
[708554786] ===== Move Frame 21 =========
[708554786] ==============================
++B+A++b+++-a-A-+++
.++B+++a++Baaa-aB++
..XBXBaaaB++a+XaX.B
...XBB+a+B+B+BBX...
..XBX+B+BB++++XBX..
.BBB++BB+B++B+BB...
B+++B++BX+XBB+++...
...+B++XBBBXB++....
...++-X.XBX.XB.A...
..A..-...X.....-...
A----AX.XAX.X.--...
A--AAAAXAAAX----A.A
A-----A-XAX--AAA---
--AA--AAAA-----A---
-AXAXA---A----XAX.A
AAAXAA-AAA---AAX...
A-XAX-AA-A---AXAX..
..-AA--b-----A-A...
.A---BAbb+B---A-...
[708555394] PythonAI_2 BUILT NEST AT (14, 0)
[708555394] PythonAI_1 BUILT NEST AT (14, 5)
[708555394] PythonAI_1 BUILT NEST AT (15, 4)
[708555394] PythonAI_2 BUILT NEST AT (15, 16)
[708555395] Asking 0 for move
[708555395] Asking 1 for move
[708555611] Got 0's move
[708555611] Got 1's move
[708555611] ===== Move Frame 22 =========
[708555612] ==============================
++++-AAb+++-a-AAB++
B+BB+B+a+B+aaa-a+++
B.XBX+aaa+B+a+XaX.+
...XBBBaBB++BBBX...
..XBX++BBB++++XBX..
B++B+B++B++++BBBB..
+++B++BBXBX+B+++...
...++B+XBBBXBB+A...
...++-X.XBX.X+.-...
AA-..A...X...B.-...
---A-AX.XAX.X.--...
AA----AXAAAX-AAA-A-
A-A-A-A-XAX--------
---AAA--AA-----AA--
A-XAX--AAA---AXAX.-
-AAXAA-AAAA--AAX..A
-AXAXA--A-----XAX..
AAAA--Ab-A---A-AA..
A-B-B+bbb++B-A-A...
[708556221] PythonAI_1 BUILT NEST AT (0, 1)
[708556221] PythonAI_2 BUILT NEST AT (1, 17)
[708556222] Asking 0 for move
[708556222] Asking 1 for move
[708556423] Got 1's move
[708556446] Got 0's move
[708556450] ===== Move Frame 23 =========
[708556450] ==============================
++B+-B-b+++-a-AA+++
B++B++Aa++Baaa-a+++
+BXBXBaaaB++aBXaX.+
...XBB+aBB+++BBX...
B.XBXBB+++++++XBX..
+++B+++B+B++++BBB..
++++B+BBXBXBBB+AB..
...++++XBBBXBB+-...
AA.++BX.XBX.X+.-...
---A.AA..X..B+.-...
-A----X.XAX.XA--.A.
A----AAXAAAX----A-A
A--A-AA-XAX---AAA--
--AA---AAA---A-A---
-AXAXA-AAAA---XAX.-
-AAXAA-AAA--AAAX..-
A-XAX-AA-A----XAX.A
-A-A---b------AA-AA
--+-+AAbbA++BAA-A..
[708557062] Asking 0 for move
[708557063] Asking 1 for move
[708557146] Got 0's move
[708557226] Got 1's move
[708557227] ===== Move Frame 24 =========
[708557228] ==============================
++++-AAb++B-a-AAA++
B++B+A-a+++aaa-a+++
B+XBX+aaaB++a+XaX.+
BBBXBB+a+B+++BBX...
+BXBXB++B++++BXBX..
+++B++B+B++++BBB+B.
+++B++BBXBX+BB+B+..
AA.+B++XBBBXB+B-...
--.A++XAXBXBX+.-...
----.--AAXBB+A.-.A.
A----AXAXAXBX---A-A
A--A-AAXAAAX--AAA--
A-AA--AAXAX--A-----
---A----AAA----AA--
A-XAX---A-A---XAX.-
AAAXAA-AAAA--AAX..-
--XAXA--A-A-AAXAXAA
-AAAA-Ab-------AA--
--B-+-bbb-A+AAA--AA
[708557841] PythonAI_1 BUILT NEST AT (1, 4)
[708557841] PythonAI_1 BUILT NEST AT (2, 3)
[708557841] PythonAI_2 BUILT NEST AT (7, 8)
[708557842] PythonAI_2 BUILT NEST AT (7, 10)
[708557842] PythonAI_2 BUILT NEST AT (8, 9)
[708557842] PythonAI_1 BUILT NEST AT (10, 9)
[708557842] PythonAI_1 BUILT NEST AT (11, 8)
[708557842] PythonAI_1 BUILT NEST AT (11, 10)
[708557843] Asking 1 for move
[708557843] Asking 0 for move
[708557947] Got 0's move
[708558073] Got 1's move
[708558074] ===== Move Frame 25 =========
[708558074] ==============================
+++B---A+++Ba-AAAAA
B++B+--a+++aaa-a++B
++XBXAaaa+B+a+XaX.+
BBBXBB+aBB+++BBX..B
+BXBX+B+++++BBXBXB.
+BBB+BBB+B++BBBB++.
AA+++++BX+X+BB+++..
--.B+++XBBBXBB+B...
--.-++XAXBXBXA.-.A.
A---.AAAAXBB+-.-A-A
A--A-AXAXAXBX-AAA--
A-AA-AAXAAAX-A-----
A--A--A-XAX--------
---A----AA-A---AAA-
--XAX---AA-A--XAXAA
AAAXAA-AAA-A-AAXAAA
--XAXA--AA-A-AXAX--
-AAAAA-bA---AA-AAA-
--+-AAAbb--AAA-----
[708558689] PythonAI_2 BUILT NEST AT (16, 15)
[708558689] PythonAI_2 BUILT NEST AT (17, 14)
[708558690] Asking 0 for move
[708558690] Asking 1 for move
[708558797] Got 0's move
[708558878] Got 1's move
[708558880] ===== Move Frame 26 =========
[708558880] ==============================
++++AA-bA++AAAAAA-B
B++BB--a++Baaa-aAAB
+BXBX-aaa+++aBXaX.+
+BBXBB+aBBB++BBXBB+
+BXBX++++++B++XBX+.
ABBB+BB+++B++BBBB+.
--B+++BBXBXBB++++..
--.++++XBBBXBB++.A.
A-.B+AXAXBXBX-.BA-A
A--A.AAAAXBB+-AAA--
A-AA-AXAXAXBXA-----
A--A-AAXAAAX-------
A--A--A-XAX----AAA-
---A----AA-----A--A
--XAX---AA-A--XAXA-
AAAXAA-AAA-A-AAXAA-
AAXAXA--AA-A-AXAXA-
-AAA-A-bAA-A-A-AA--
--ABAAbAA---AA--AA-
[708559490] PythonAI_1 BUILT NEST AT (16, 3)
[708559490] Asking 0 for move
[708559491] Asking 1 for move
[708559601] Got 1's move
[708559615] Got 0's move
[708559616] ===== Move Frame 27 =========
[708559617] ==============================
a++B---b-AAAAAA-AA+
aB+B+A-a+++BaAAa-AA
B+XBXBaaB+++aBXaXB+
+BaXBB+a+BBB+BBXBB+
AaXBX+++++++++XBX+.
-a+BB++++B+B++BB++.
-B+++BBBXBX+BB+BBA.
A-.++A+XBBBXB+++A-A
A-.++-XAXBXBXBA+A--
A-ABAAAAAXBBBA-B---
A--A-AXAXAXBX------
A--A-AAXAAAX---AAA-
A--A--A-XAX----A--A
---A----AA-----A---
--XAX----A----XAXAA
-AAXAA-AAA-A-AAXAAA
AAXAXA---A-A-AXAX-A
AA-A-A-b-A-A-A-AAA-
-A-AAAbbAA-A-A---A-
[708560229] PythonAI_2 DESTROYED OPPONENT'S NEST AT (0, 1)
[708560229] PythonAI_2 DESTROYED OPPONENT'S NEST AT (2, 3)
[708560229] PythonAI_2 DESTROYED OPPONENT'S NEST AT (1, 4)
[708560229] Asking 0 for move
[708560229] Asking 1 for move
[708560352] Got 0's move
[708560389] Got 1's move
[708560389] ===== Move Frame 28 =========
[708560389] ==============================
aB+AAA-bAA--aAA--AA
aa+B+--a+AAaaAAa-Ba
a+XBXAaaaBB+aBXaXBB
BaaXBB+a+BB++BBXBB+
aaXBXB++++++++XBX+.
-a+BB++++++++BBBBA.
A+++B+BBXBXBB++++-A
-B.++BBXBBBXB+ABB--
AAA+AAXAXBXBX+-A---
A--+-AAAAXBBBB-+---
A--B-AXAXAXBX--BAA-
A--A-AAXAAAX---A--A
A--A--A-XAX----A---
---A----AA-----A---
--XAX---AA----XAXAA
-AAXAA-AAA---AAXAAA
-AXAXA--AA-A-AXAX-A
AA-A-A-b-A-A-A-AAAA
-A-A-AbbbA-A-A----A
[708561002] Asking 0 for move
[708561002] Asking 1 for move
[708561101] Got 1's move
[708561127] Got 0's move
[708561128] ===== Move Frame 29 =========
[708561128] ==============================
A++A-A-b-A-AaAA--B-
aa+BAA-aAA-aaAAa-Ba
a+XBX-aaa+B+aBXaXB+
+aaXB++aBB+++BBXBB+
BaXBX+B+++++++XBX+.
-a+BB++B+B++++BBBBA
-A++BB+BXBX+BB+++--
A+A+AB+XBBBXBB-++--
AB-+-AXAXBXBX+-BB--
---+-AAAAXBBBB-+---
AA-+AAXAXAXBXB-AA-A
A--B-AAXAAAX---B---
A--A--A-XAX----A---
---A----AAA----A-AA
--XAX---AA---AXAXA-
AAAXAA-AAA---AAXAA-
AAXAXA--AA----XAXA-
AA-A-A-bAA-A-A-AAA-
A--A-AbbbA-A-A---A-
[708561741] Asking 0 for move
[708561741] Asking 1 for move
[708561847] Got 1's move
[708561863] Got 0's move
[708561864] ===== Move Frame 30 =========
[708561864] ==============================
aA+A-A-b-A-AaAAA-+-
aa+A-A-a-ABAaA-aB+a
a+XaXAaaaA++a+XaX+B
+aaXBB+aaaB+BBBXBB+
aaXBX+++BB++++XBXBA
Ba+B+BBB+B++++BB++-
--ABA+BBXBX+B+++BB-
-A-+-++XBBBXBBB++--
-+-+-BXAXBXBX+B++--
AA-+-AAAAXBBBBBA--A
---AA-XAXAXBX+-----
AA-+AAAXAAAX-B-+---
A-----A-XAX----B-AA
---A---AAAAA-A-A-A-
--XAXA-AAA---AXAXA-
-AAXAA-AAA---AAXAA-
-AXAX----A----XAXA-
AA-A-A-b-A-----AAA-
-A-A-AbbbA-A-A---A-
[708562473] PythonAI_2 DESTROYED OPPONENT'S NEST AT (9, 3)
[708562473] PythonAI_2 DESTROYED OPPONENT'S NEST AT (3, 2)
[708562473] Asking 0 for move
[708562475] Asking 1 for move
[708562581] Got 0's move
[708562631] Got 1's move
[708562631] ===== Move Frame 31 =========
[708562631] ==============================
a-AA-A-b--AAaAAA-A-
aaAa-A-a-B+AaA-a++a
a+XaXAaaaaAAaAXaX++
+aaXaA+aaaaB+BBXBBB
aaXBX+BB+aB+++XBX+B
+aAB++B++++++BBBB+B
---+B+BBXBX+B+++++-
---+-++XBBBXB+BB+B-
AA-+-+XAXBXBX++B+-A
---AABAAAXBB++BB---
------XAXAXBX+-----
AAAAAAAXAAAX-+-+---
A--A--AAXAXA-B-+AA-
---A-A-AAAAA-A-B-A-
--XAXA-AA----AXbXA-
-AAXAA-AAAA--AAXAA-
-AXAX-----A---XAXA-
AAAA---b--A----AAA-
--AA-Abbb-A------A-
[708563239] PythonAI_1 DESTROYED OPPONENT'S NEST AT (15, 14)
[708563239] PythonAI_2 DESTROYED OPPONENT'S NEST AT (4, 3)
[708563240] Asking 0 for move
[708563240] Asking 1 for move
[708563353] Got 0's move
[708563400] Got 1's move
[708563400] ===== Move Frame 32 =========
[708563400] ==============================
a-AA--Ab-BA-a-AAAA-
aAAA--Aa-+AAaA-a+Aa
a+XaX-Aaaa--a-XaX++
+aaXaaAaaaaA+BBXBB+
aaXBX+B++a+++BXBXBB
+a-+++BB++B+++BB+B+
---+++BBX+XBB+BB++B
A--+B++XBBBXBB++B+A
--AA-+XAXBXBX+B++B-
-----ABAAXBB++++---
-AAAAAXAXAXBX+BB---
---A-AAXAAAX-+-+--A
A--A-AAAXAXAA+-AAAA
---A-A-AAAAA-B-bBA-
--XAXA--A----AXbXA-
-AAXAA-AAA---AAXAA-
-AXAX----AA---XAX--
AA-A---b--A----AAA-
-AAA--Abb-A-----AA-
[708564016] Asking 0 for move
[708564016] Asking 1 for move
[708564151] Got 0's move
[708564211] Got 1's move
[708564211] ===== Move Frame 33 =========
[708564212] ==============================
aAAA---A-+--a-AAAA-
aAAA---A-AAaaa-aAAa
aAXaX-aaaa--a-XaX++
+aaXaa-aaaa-ABBXBBB
aaXBX++B+a++B+XBXB+
+a-B+++++++B+BBBBB+
A--+++BBXBX+BB+++++
--AA+++XBBBXBBBB++B
----BAXAXBXBXB++++B
-AAAAA+AAXBB++++---
---A-AXAXAXBX+++B--
---A-AAXAAAX-+BA-A-
A--A-AA-XAX-AA-----
A--A-A-AAAAAA+-bAAA
-AXAXA--A----BXbXA-
-AAXAA-AAA---AAXAA-
-AXAX----A----XAX--
AA-A---b-AA----AA--
-A-A--bAb-A-----AA-
[708564824] Asking 0 for move
[708564824] Asking 1 for move
[708564955] Got 0's move
[708564968] Got 1's move
[708564969] ===== Move Frame 34 =========
[708564969] ==============================
aA--A--AAAA-a-A-AA-
aAAaA--a---aaaAa-Aa
aAXaX-aaaa--a-XaXAB
+AaXaa-aaaa-BBBXBBB
aaXBX+++Ba+++BXBX++
AaBB++++++++++BB++B
--AA++BBXBXBBBB+B++
B---+A+XBBBXBBBB+++
-AAA+-XAXBXBX++B+++
---ABAAAAXBB+B++--B
---A-AXAXAXBX++++B-
A--A-AAXAAAXAA+B---
A--A-AA-XAX-----AAA
AA-A-A-AAAAAAA-b-A-
--XAXA---A---+XbXA-
-AAXAA-AAA---BbXAA-
-AXAX----A----XAX--
-A-AA--b-A----AA-A-
AA--A-bbAAA------A-
[708565581] PythonAI_1 DESTROYED OPPONENT'S NEST AT (14, 15)
[708565581] Asking 0 for move
[708565581] Asking 1 for move
[708565767] Got 0's move
[708565833] Got 1's move
[708565833] ===== Move Frame 35 =========
[708565833] ==============================
AA---A-bA-A-a-A--AA
aA-a-A-AA-AaaAAa--A
aAXaX-aaaa--aBXaXBB
AAaXaa-aaaaB+BBXBB+
aaXBX++++a++++XBX++
BaAB+++BB+++B+BB+++
----+A+BX+X+BBBB+++
+B--+-BXBBBXB+++B++
---AA-XAXBXBX++++++
B--AAAAAAXBB++BB--+
A--A-AXAXAXBXA++++-
A--A-AAXAAAX-A++ABA
AA-A-AAAXAX----B-A-
A--A-A--AAAAAA-b-A-
-AXAXA-AAAA--AXbXA-
-AAXAA-A-A--BbbXAA-
-AXAX----A----XAX--
-A-AAA-b-----AAA--A
-A---Abbb-A-------A
[708566441] Asking 0 for move
[708566441] Asking 1 for move
[708566577] Got 1's move
[708566584] Got 0's move
[708566584] ===== Move Frame 36 =========
[708566584] ==============================
aA---A-b---Aa-A---A
AA-a-A-aA--AaAAa-BA
AAXaXAaAAa-BaBXaX+A
AaaXaa-aaaa++BBXBBA
aaXBX++++a++++XBX++
+a-B+A++BB+++BBB+++
B---+-BBX+X+B+BB+++
++BAAB+XBBBXBB+++B+
---AAAXAXBXBX+B++++
+--A-AAAAXBB+A++B-+
---A-AXAXAXBX-++A+-
AA-A-AAXAAAX--A+-B-
A--A-AA-XAX--A-+B--
AA-A-A-AAAAAA--b-A-
-AXAX---AAAAB-XbXA-
-AAXAAAAAAA-+AbXAA-
-AXAX----A---AXAX--
-A-AAA-b--A--AAA---
-A---Abbb---------A
[708567196] Asking 0 for move
[708567196] Asking 1 for move
[708567200] Recording complete.
